This file contains any messages produced by compilers while
running configure, to aid debugging if configure makes a mistake.

It was created by shotgun configure 1.0.0, which was
generated by GNU Autoconf 2.68.  Invocation command line was

  $ ./configure 

## --------- ##
## Platform. ##
## --------- ##

hostname = ubuntu
uname -m = i686
uname -r = 3.5.0-23-generic
uname -s = Linux
uname -v = #35~precise1-Ubuntu SMP Fri Jan 25 17:15:33 UTC 2013

/usr/bin/uname -p = unknown
/bin/uname -X     = unknown

/bin/arch              = unknown
/usr/bin/arch -k       = unknown
/usr/convex/getsysinfo = unknown
/usr/bin/hostinfo      = unknown
/bin/machine           = unknown
/usr/bin/oslevel       = unknown
/bin/universe          = unknown

PATH: /usr/local/sbin
PATH: /usr/local/bin
PATH: /usr/sbin
PATH: /usr/bin
PATH: /sbin
PATH: /bin
PATH: /usr/games


## ----------- ##
## Core tests. ##
## ----------- ##

configure:2219: checking for a BSD-compatible install
configure:2287: result: /usr/bin/install -c
configure:2298: checking whether build environment is sane
configure:2348: result: yes
configure:2489: checking for a thread-safe mkdir -p
configure:2528: result: /bin/mkdir -p
configure:2541: checking for gawk
configure:2571: result: no
configure:2541: checking for mawk
configure:2557: found /usr/bin/mawk
configure:2568: result: mawk
configure:2579: checking whether make sets $(MAKE)
configure:2601: result: yes
configure:2709: checking for gawk
configure:2736: result: mawk
configure:2795: checking for gcc
configure:2811: found /usr/bin/gcc
configure:2822: result: gcc
configure:3051: checking for C compiler version
configure:3060: gcc --version >&5
gcc (Ubuntu/Linaro 4.6.3-1ubuntu5) 4.6.3
Copyright (C) 2011 Free Software Foundation, Inc.
This is free software; see the source for copying conditions.  There is NO
warranty; not even for MERCHANTABILITY or FITNESS FOR A PARTICULAR PURPOSE.

configure:3071: $? = 0
configure:3060: gcc -v >&5
Using built-in specs.
COLLECT_GCC=gcc
COLLECT_LTO_WRAPPER=/usr/lib/gcc/i686-linux-gnu/4.6/lto-wrapper
Target: i686-linux-gnu
Configured with: ../src/configure -v --with-pkgversion='Ubuntu/Linaro 4.6.3-1ubuntu5' --with-bugurl=file:///usr/share/doc/gcc-4.6/README.Bugs --enable-languages=c,c++,fortran,objc,obj-c++ --prefix=/usr --program-suffix=-4.6 --enable-shared --enable-linker-build-id --with-system-zlib --libexecdir=/usr/lib --without-included-gettext --enable-threads=posix --with-gxx-include-dir=/usr/include/c++/4.6 --libdir=/usr/lib --enable-nls --with-sysroot=/ --enable-clocale=gnu --enable-libstdcxx-debug --enable-libstdcxx-time=yes --enable-gnu-unique-object --enable-plugin --enable-objc-gc --enable-targets=all --disable-werror --with-arch-32=i686 --with-tune=generic --enable-checking=release --build=i686-linux-gnu --host=i686-linux-gnu --target=i686-linux-gnu
Thread model: posix
gcc version 4.6.3 (Ubuntu/Linaro 4.6.3-1ubuntu5) 
configure:3071: $? = 0
configure:3060: gcc -V >&5
gcc: error: unrecognized option '-V'
gcc: fatal error: no input files
compilation terminated.
configure:3071: $? = 4
configure:3060: gcc -qversion >&5
gcc: error: unrecognized option '-qversion'
gcc: fatal error: no input files
compilation terminated.
configure:3071: $? = 4
configure:3091: checking whether the C compiler works
configure:3113: gcc    conftest.c  >&5
configure:3117: $? = 0
configure:3165: result: yes
configure:3168: checking for C compiler default output file name
configure:3170: result: a.out
configure:3176: checking for suffix of executables
configure:3183: gcc -o conftest    conftest.c  >&5
configure:3187: $? = 0
configure:3209: result: 
configure:3231: checking whether we are cross compiling
configure:3239: gcc -o conftest    conftest.c  >&5
configure:3243: $? = 0
configure:3250: ./conftest
configure:3254: $? = 0
configure:3269: result: no
configure:3274: checking for suffix of object files
configure:3296: gcc -c   conftest.c >&5
configure:3300: $? = 0
configure:3321: result: o
configure:3325: checking whether we are using the GNU C compiler
configure:3344: gcc -c   conftest.c >&5
configure:3344: $? = 0
configure:3353: result: yes
configure:3362: checking whether gcc accepts -g
configure:3382: gcc -c -g  conftest.c >&5
configure:3382: $? = 0
configure:3423: result: yes
configure:3440: checking for gcc option to accept ISO C89
configure:3504: gcc  -c -g -O2  conftest.c >&5
configure:3504: $? = 0
configure:3517: result: none needed
configure:3548: checking for style of include used by make
configure:3576: result: GNU
configure:3602: checking dependency style of gcc
configure:3713: result: gcc3
configure:3744: checking how to run the C preprocessor
configure:3775: gcc -E  conftest.c
configure:3775: $? = 0
configure:3789: gcc -E  conftest.c
conftest.c:11:28: fatal error: ac_nonexistent.h: No such file or directory
compilation terminated.
configure:3789: $? = 1
configure: failed program was:
| /* confdefs.h */
| #define PACKAGE_NAME "shotgun"
| #define PACKAGE_TARNAME "shotgun"
| #define PACKAGE_VERSION "1.0.0"
| #define PACKAGE_STRING "shotgun 1.0.0"
| #define PACKAGE_BUGREPORT "songyancui@gmail.com"
| #define PACKAGE_URL ""
| #define PACKAGE "shotgun"
| #define VERSION "1.0.0"
| /* end confdefs.h.  */
| #include <ac_nonexistent.h>
configure:3814: result: gcc -E
configure:3834: gcc -E  conftest.c
configure:3834: $? = 0
configure:3848: gcc -E  conftest.c
conftest.c:11:28: fatal error: ac_nonexistent.h: No such file or directory
compilation terminated.
configure:3848: $? = 1
configure: failed program was:
| /* confdefs.h */
| #define PACKAGE_NAME "shotgun"
| #define PACKAGE_TARNAME "shotgun"
| #define PACKAGE_VERSION "1.0.0"
| #define PACKAGE_STRING "shotgun 1.0.0"
| #define PACKAGE_BUGREPORT "songyancui@gmail.com"
| #define PACKAGE_URL ""
| #define PACKAGE "shotgun"
| #define VERSION "1.0.0"
| /* end confdefs.h.  */
| #include <ac_nonexistent.h>
configure:3877: checking for grep that handles long lines and -e
configure:3935: result: /bin/grep
configure:3940: checking for egrep
configure:4002: result: /bin/grep -E
configure:4007: checking for ANSI C header files
configure:4027: gcc -c   conftest.c >&5
configure:4027: $? = 0
configure:4100: gcc -o conftest    conftest.c  >&5
configure:4100: $? = 0
configure:4100: ./conftest
configure:4100: $? = 0
configure:4111: result: yes
configure:4124: checking for sys/types.h
configure:4124: gcc -c   conftest.c >&5
configure:4124: $? = 0
configure:4124: result: yes
configure:4124: checking for sys/stat.h
configure:4124: gcc -c   conftest.c >&5
configure:4124: $? = 0
configure:4124: result: yes
configure:4124: checking for stdlib.h
configure:4124: gcc -c   conftest.c >&5
configure:4124: $? = 0
configure:4124: result: yes
configure:4124: checking for string.h
configure:4124: gcc -c   conftest.c >&5
configure:4124: $? = 0
configure:4124: result: yes
configure:4124: checking for memory.h
configure:4124: gcc -c   conftest.c >&5
configure:4124: $? = 0
configure:4124: result: yes
configure:4124: checking for strings.h
configure:4124: gcc -c   conftest.c >&5
configure:4124: $? = 0
configure:4124: result: yes
configure:4124: checking for inttypes.h
configure:4124: gcc -c   conftest.c >&5
configure:4124: $? = 0
configure:4124: result: yes
configure:4124: checking for stdint.h
configure:4124: gcc -c   conftest.c >&5
configure:4124: $? = 0
configure:4124: result: yes
configure:4124: checking for unistd.h
configure:4124: gcc -c   conftest.c >&5
configure:4124: $? = 0
configure:4124: result: yes
configure:4136: checking event2/event.h usability
configure:4136: gcc -c   conftest.c >&5
configure:4136: $? = 0
configure:4136: result: yes
configure:4136: checking event2/event.h presence
configure:4136: gcc -E  conftest.c
configure:4136: $? = 0
configure:4136: result: yes
configure:4136: checking for event2/event.h
configure:4136: result: yes
configure:4145: checking event2/http.h usability
configure:4145: gcc -c   conftest.c >&5
configure:4145: $? = 0
configure:4145: result: yes
configure:4145: checking event2/http.h presence
configure:4145: gcc -E  conftest.c
configure:4145: $? = 0
configure:4145: result: yes
configure:4145: checking for event2/http.h
configure:4145: result: yes
configure:4154: checking event2/buffer.h usability
configure:4154: gcc -c   conftest.c >&5
configure:4154: $? = 0
configure:4154: result: yes
configure:4154: checking event2/buffer.h presence
configure:4154: gcc -E  conftest.c
configure:4154: $? = 0
configure:4154: result: yes
configure:4154: checking for event2/buffer.h
configure:4154: result: yes
configure:4164: checking for clock_gettime in -lrt
configure:4189: gcc -o conftest    conftest.c -lrt   >&5
configure:4189: $? = 0
configure:4198: result: yes
configure:4210: checking for bind in -lsocket
configure:4235: gcc -o conftest    conftest.c -lsocket  -lrt  >&5
/usr/bin/ld: cannot find -lsocket
collect2: ld returned 1 exit status
configure:4235: $? = 1
configure: failed program was:
| /* confdefs.h */
| #define PACKAGE_NAME "shotgun"
| #define PACKAGE_TARNAME "shotgun"
| #define PACKAGE_VERSION "1.0.0"
| #define PACKAGE_STRING "shotgun 1.0.0"
| #define PACKAGE_BUGREPORT "songyancui@gmail.com"
| #define PACKAGE_URL ""
| #define PACKAGE "shotgun"
| #define VERSION "1.0.0"
| #define STDC_HEADERS 1
| #define HAVE_SYS_TYPES_H 1
| #define HAVE_SYS_STAT_H 1
| #define HAVE_STDLIB_H 1
| #define HAVE_STRING_H 1
| #define HAVE_MEMORY_H 1
| #define HAVE_STRINGS_H 1
| #define HAVE_INTTYPES_H 1
| #define HAVE_STDINT_H 1
| #define HAVE_UNISTD_H 1
| #define HAVE_LIBRT 1
| /* end confdefs.h.  */
| 
| /* Override any GCC internal prototype to avoid an error.
|    Use char because int might match the return type of a GCC
|    builtin and then its argument prototype would still apply.  */
| #ifdef __cplusplus
| extern "C"
| #endif
| char bind ();
| int
| main ()
| {
| return bind ();
|   ;
|   return 0;
| }
configure:4244: result: no
configure:4253: checking for pthread_create
              in -lpthread
configure:4281: gcc -o conftest    conftest.c -lpthread  -lrt  >&5
configure:4281: $? = 0
configure:4290: result: yes
configure:4302: checking for event_base_new in -levent
configure:4327: gcc -o conftest    conftest.c -levent  -lpthread -lrt  >&5
configure:4327: $? = 0
configure:4336: result: yes
configure:4347: checking for ANSI C header files
configure:4451: result: yes
configure:4462: checking fcntl.h usability
configure:4462: gcc -c   conftest.c >&5
configure:4462: $? = 0
configure:4462: result: yes
configure:4462: checking fcntl.h presence
configure:4462: gcc -E  conftest.c
configure:4462: $? = 0
configure:4462: result: yes
configure:4462: checking for fcntl.h
configure:4462: result: yes
configure:4462: checking limits.h usability
configure:4462: gcc -c   conftest.c >&5
configure:4462: $? = 0
configure:4462: result: yes
configure:4462: checking limits.h presence
configure:4462: gcc -E  conftest.c
configure:4462: $? = 0
configure:4462: result: yes
configure:4462: checking for limits.h
configure:4462: result: yes
configure:4462: checking for stdlib.h
configure:4462: result: yes
configure:4462: checking for string.h
configure:4462: result: yes
configure:4462: checking sys/time.h usability
configure:4462: gcc -c   conftest.c >&5
configure:4462: $? = 0
configure:4462: result: yes
configure:4462: checking sys/time.h presence
configure:4462: gcc -E  conftest.c
configure:4462: $? = 0
configure:4462: result: yes
configure:4462: checking for sys/time.h
configure:4462: result: yes
configure:4462: checking for unistd.h
configure:4462: result: yes
configure:4475: checking for fcntl.h
configure:4475: result: yes
configure:4475: checking for limits.h
configure:4475: result: yes
configure:4475: checking for strings.h
configure:4475: result: yes
configure:4475: checking syslog.h usability
configure:4475: gcc -c   conftest.c >&5
configure:4475: $? = 0
configure:4475: result: yes
configure:4475: checking syslog.h presence
configure:4475: gcc -E  conftest.c
configure:4475: $? = 0
configure:4475: result: yes
configure:4475: checking for syslog.h
configure:4475: result: yes
configure:4475: checking for unistd.h
configure:4475: result: yes
configure:4475: checking sys/cdefs.h usability
configure:4475: gcc -c   conftest.c >&5
configure:4475: $? = 0
configure:4475: result: yes
configure:4475: checking sys/cdefs.h presence
configure:4475: gcc -E  conftest.c
configure:4475: $? = 0
configure:4475: result: yes
configure:4475: checking for sys/cdefs.h
configure:4475: result: yes
configure:4475: checking sys/param.h usability
configure:4475: gcc -c   conftest.c >&5
configure:4475: $? = 0
configure:4475: result: yes
configure:4475: checking sys/param.h presence
configure:4475: gcc -E  conftest.c
configure:4475: $? = 0
configure:4475: result: yes
configure:4475: checking for sys/param.h
configure:4475: result: yes
configure:4475: checking stdarg.h usability
configure:4475: gcc -c   conftest.c >&5
configure:4475: $? = 0
configure:4475: result: yes
configure:4475: checking stdarg.h presence
configure:4475: gcc -E  conftest.c
configure:4475: $? = 0
configure:4475: result: yes
configure:4475: checking for stdarg.h
configure:4475: result: yes
configure:4485: checking for inttypes.h
configure:4485: result: yes
configure:4495: checking for stdbool.h that conforms to C99
configure:4562: gcc -c   conftest.c >&5
configure:4562: $? = 0
configure:4569: result: yes
configure:4571: checking for _Bool
configure:4571: gcc -c   conftest.c >&5
configure:4571: $? = 0
configure:4571: gcc -c   conftest.c >&5
conftest.c: In function 'main':
conftest.c:75:20: error: expected expression before ')' token
configure:4571: $? = 1
configure: failed program was:
| /* confdefs.h */
| #define PACKAGE_NAME "shotgun"
| #define PACKAGE_TARNAME "shotgun"
| #define PACKAGE_VERSION "1.0.0"
| #define PACKAGE_STRING "shotgun 1.0.0"
| #define PACKAGE_BUGREPORT "songyancui@gmail.com"
| #define PACKAGE_URL ""
| #define PACKAGE "shotgun"
| #define VERSION "1.0.0"
| #define STDC_HEADERS 1
| #define HAVE_SYS_TYPES_H 1
| #define HAVE_SYS_STAT_H 1
| #define HAVE_STDLIB_H 1
| #define HAVE_STRING_H 1
| #define HAVE_MEMORY_H 1
| #define HAVE_STRINGS_H 1
| #define HAVE_INTTYPES_H 1
| #define HAVE_STDINT_H 1
| #define HAVE_UNISTD_H 1
| #define HAVE_LIBRT 1
| #define HAVE_LIBPTHREAD 1
| #define STDC_HEADERS 1
| #define HAVE_FCNTL_H 1
| #define HAVE_LIMITS_H 1
| #define HAVE_STDLIB_H 1
| #define HAVE_STRING_H 1
| #define HAVE_SYS_TIME_H 1
| #define HAVE_UNISTD_H 1
| #define HAVE_FCNTL_H 1
| #define HAVE_LIMITS_H 1
| #define HAVE_STRINGS_H 1
| #define HAVE_SYSLOG_H 1
| #define HAVE_UNISTD_H 1
| #define HAVE_SYS_CDEFS_H 1
| #define HAVE_SYS_PARAM_H 1
| #define HAVE_STDARG_H 1
| #define JSON_C_HAVE_INTTYPES_H 1
| /* end confdefs.h.  */
| #include <stdio.h>
| #ifdef HAVE_SYS_TYPES_H
| # include <sys/types.h>
| #endif
| #ifdef HAVE_SYS_STAT_H
| # include <sys/stat.h>
| #endif
| #ifdef STDC_HEADERS
| # include <stdlib.h>
| # include <stddef.h>
| #else
| # ifdef HAVE_STDLIB_H
| #  include <stdlib.h>
| # endif
| #endif
| #ifdef HAVE_STRING_H
| # if !defined STDC_HEADERS && defined HAVE_MEMORY_H
| #  include <memory.h>
| # endif
| # include <string.h>
| #endif
| #ifdef HAVE_STRINGS_H
| # include <strings.h>
| #endif
| #ifdef HAVE_INTTYPES_H
| # include <inttypes.h>
| #endif
| #ifdef HAVE_STDINT_H
| # include <stdint.h>
| #endif
| #ifdef HAVE_UNISTD_H
| # include <unistd.h>
| #endif
| int
| main ()
| {
| if (sizeof ((_Bool)))
| 	    return 0;
|   ;
|   return 0;
| }
configure:4571: result: yes
configure:4587: checking for an ANSI C-conforming const
configure:4652: gcc -c   conftest.c >&5
configure:4652: $? = 0
configure:4659: result: yes
configure:4667: checking for size_t
configure:4667: gcc -c   conftest.c >&5
configure:4667: $? = 0
configure:4667: gcc -c   conftest.c >&5
conftest.c: In function 'main':
conftest.c:77:21: error: expected expression before ')' token
configure:4667: $? = 1
configure: failed program was:
| /* confdefs.h */
| #define PACKAGE_NAME "shotgun"
| #define PACKAGE_TARNAME "shotgun"
| #define PACKAGE_VERSION "1.0.0"
| #define PACKAGE_STRING "shotgun 1.0.0"
| #define PACKAGE_BUGREPORT "songyancui@gmail.com"
| #define PACKAGE_URL ""
| #define PACKAGE "shotgun"
| #define VERSION "1.0.0"
| #define STDC_HEADERS 1
| #define HAVE_SYS_TYPES_H 1
| #define HAVE_SYS_STAT_H 1
| #define HAVE_STDLIB_H 1
| #define HAVE_STRING_H 1
| #define HAVE_MEMORY_H 1
| #define HAVE_STRINGS_H 1
| #define HAVE_INTTYPES_H 1
| #define HAVE_STDINT_H 1
| #define HAVE_UNISTD_H 1
| #define HAVE_LIBRT 1
| #define HAVE_LIBPTHREAD 1
| #define STDC_HEADERS 1
| #define HAVE_FCNTL_H 1
| #define HAVE_LIMITS_H 1
| #define HAVE_STDLIB_H 1
| #define HAVE_STRING_H 1
| #define HAVE_SYS_TIME_H 1
| #define HAVE_UNISTD_H 1
| #define HAVE_FCNTL_H 1
| #define HAVE_LIMITS_H 1
| #define HAVE_STRINGS_H 1
| #define HAVE_SYSLOG_H 1
| #define HAVE_UNISTD_H 1
| #define HAVE_SYS_CDEFS_H 1
| #define HAVE_SYS_PARAM_H 1
| #define HAVE_STDARG_H 1
| #define JSON_C_HAVE_INTTYPES_H 1
| #define HAVE__BOOL 1
| #define HAVE_STDBOOL_H 1
| /* end confdefs.h.  */
| #include <stdio.h>
| #ifdef HAVE_SYS_TYPES_H
| # include <sys/types.h>
| #endif
| #ifdef HAVE_SYS_STAT_H
| # include <sys/stat.h>
| #endif
| #ifdef STDC_HEADERS
| # include <stdlib.h>
| # include <stddef.h>
| #else
| # ifdef HAVE_STDLIB_H
| #  include <stdlib.h>
| # endif
| #endif
| #ifdef HAVE_STRING_H
| # if !defined STDC_HEADERS && defined HAVE_MEMORY_H
| #  include <memory.h>
| # endif
| # include <string.h>
| #endif
| #ifdef HAVE_STRINGS_H
| # include <strings.h>
| #endif
| #ifdef HAVE_INTTYPES_H
| # include <inttypes.h>
| #endif
| #ifdef HAVE_STDINT_H
| # include <stdint.h>
| #endif
| #ifdef HAVE_UNISTD_H
| # include <unistd.h>
| #endif
| int
| main ()
| {
| if (sizeof ((size_t)))
| 	    return 0;
|   ;
|   return 0;
| }
configure:4667: result: yes
configure:4678: checking whether time.h and sys/time.h may both be included
configure:4698: gcc -c   conftest.c >&5
configure:4698: $? = 0
configure:4705: result: yes
configure:4713: checking whether struct tm is in sys/time.h or time.h
configure:4733: gcc -c   conftest.c >&5
configure:4733: $? = 0
configure:4740: result: time.h
configure:4750: checking for pid_t
configure:4750: gcc -c   conftest.c >&5
configure:4750: $? = 0
configure:4750: gcc -c   conftest.c >&5
conftest.c: In function 'main':
conftest.c:78:20: error: expected expression before ')' token
configure:4750: $? = 1
configure: failed program was:
| /* confdefs.h */
| #define PACKAGE_NAME "shotgun"
| #define PACKAGE_TARNAME "shotgun"
| #define PACKAGE_VERSION "1.0.0"
| #define PACKAGE_STRING "shotgun 1.0.0"
| #define PACKAGE_BUGREPORT "songyancui@gmail.com"
| #define PACKAGE_URL ""
| #define PACKAGE "shotgun"
| #define VERSION "1.0.0"
| #define STDC_HEADERS 1
| #define HAVE_SYS_TYPES_H 1
| #define HAVE_SYS_STAT_H 1
| #define HAVE_STDLIB_H 1
| #define HAVE_STRING_H 1
| #define HAVE_MEMORY_H 1
| #define HAVE_STRINGS_H 1
| #define HAVE_INTTYPES_H 1
| #define HAVE_STDINT_H 1
| #define HAVE_UNISTD_H 1
| #define HAVE_LIBRT 1
| #define HAVE_LIBPTHREAD 1
| #define STDC_HEADERS 1
| #define HAVE_FCNTL_H 1
| #define HAVE_LIMITS_H 1
| #define HAVE_STDLIB_H 1
| #define HAVE_STRING_H 1
| #define HAVE_SYS_TIME_H 1
| #define HAVE_UNISTD_H 1
| #define HAVE_FCNTL_H 1
| #define HAVE_LIMITS_H 1
| #define HAVE_STRINGS_H 1
| #define HAVE_SYSLOG_H 1
| #define HAVE_UNISTD_H 1
| #define HAVE_SYS_CDEFS_H 1
| #define HAVE_SYS_PARAM_H 1
| #define HAVE_STDARG_H 1
| #define JSON_C_HAVE_INTTYPES_H 1
| #define HAVE__BOOL 1
| #define HAVE_STDBOOL_H 1
| #define TIME_WITH_SYS_TIME 1
| /* end confdefs.h.  */
| #include <stdio.h>
| #ifdef HAVE_SYS_TYPES_H
| # include <sys/types.h>
| #endif
| #ifdef HAVE_SYS_STAT_H
| # include <sys/stat.h>
| #endif
| #ifdef STDC_HEADERS
| # include <stdlib.h>
| # include <stddef.h>
| #else
| # ifdef HAVE_STDLIB_H
| #  include <stdlib.h>
| # endif
| #endif
| #ifdef HAVE_STRING_H
| # if !defined STDC_HEADERS && defined HAVE_MEMORY_H
| #  include <memory.h>
| # endif
| # include <string.h>
| #endif
| #ifdef HAVE_STRINGS_H
| # include <strings.h>
| #endif
| #ifdef HAVE_INTTYPES_H
| # include <inttypes.h>
| #endif
| #ifdef HAVE_STDINT_H
| # include <stdint.h>
| #endif
| #ifdef HAVE_UNISTD_H
| # include <unistd.h>
| #endif
| int
| main ()
| {
| if (sizeof ((pid_t)))
| 	    return 0;
|   ;
|   return 0;
| }
configure:4750: result: yes
configure:4763: checking vfork.h usability
configure:4763: gcc -c   conftest.c >&5
conftest.c:75:19: fatal error: vfork.h: No such file or directory
compilation terminated.
configure:4763: $? = 1
configure: failed program was:
| /* confdefs.h */
| #define PACKAGE_NAME "shotgun"
| #define PACKAGE_TARNAME "shotgun"
| #define PACKAGE_VERSION "1.0.0"
| #define PACKAGE_STRING "shotgun 1.0.0"
| #define PACKAGE_BUGREPORT "songyancui@gmail.com"
| #define PACKAGE_URL ""
| #define PACKAGE "shotgun"
| #define VERSION "1.0.0"
| #define STDC_HEADERS 1
| #define HAVE_SYS_TYPES_H 1
| #define HAVE_SYS_STAT_H 1
| #define HAVE_STDLIB_H 1
| #define HAVE_STRING_H 1
| #define HAVE_MEMORY_H 1
| #define HAVE_STRINGS_H 1
| #define HAVE_INTTYPES_H 1
| #define HAVE_STDINT_H 1
| #define HAVE_UNISTD_H 1
| #define HAVE_LIBRT 1
| #define HAVE_LIBPTHREAD 1
| #define STDC_HEADERS 1
| #define HAVE_FCNTL_H 1
| #define HAVE_LIMITS_H 1
| #define HAVE_STDLIB_H 1
| #define HAVE_STRING_H 1
| #define HAVE_SYS_TIME_H 1
| #define HAVE_UNISTD_H 1
| #define HAVE_FCNTL_H 1
| #define HAVE_LIMITS_H 1
| #define HAVE_STRINGS_H 1
| #define HAVE_SYSLOG_H 1
| #define HAVE_UNISTD_H 1
| #define HAVE_SYS_CDEFS_H 1
| #define HAVE_SYS_PARAM_H 1
| #define HAVE_STDARG_H 1
| #define JSON_C_HAVE_INTTYPES_H 1
| #define HAVE__BOOL 1
| #define HAVE_STDBOOL_H 1
| #define TIME_WITH_SYS_TIME 1
| /* end confdefs.h.  */
| #include <stdio.h>
| #ifdef HAVE_SYS_TYPES_H
| # include <sys/types.h>
| #endif
| #ifdef HAVE_SYS_STAT_H
| # include <sys/stat.h>
| #endif
| #ifdef STDC_HEADERS
| # include <stdlib.h>
| # include <stddef.h>
| #else
| # ifdef HAVE_STDLIB_H
| #  include <stdlib.h>
| # endif
| #endif
| #ifdef HAVE_STRING_H
| # if !defined STDC_HEADERS && defined HAVE_MEMORY_H
| #  include <memory.h>
| # endif
| # include <string.h>
| #endif
| #ifdef HAVE_STRINGS_H
| # include <strings.h>
| #endif
| #ifdef HAVE_INTTYPES_H
| # include <inttypes.h>
| #endif
| #ifdef HAVE_STDINT_H
| # include <stdint.h>
| #endif
| #ifdef HAVE_UNISTD_H
| # include <unistd.h>
| #endif
| #include <vfork.h>
configure:4763: result: no
configure:4763: checking vfork.h presence
configure:4763: gcc -E  conftest.c
conftest.c:42:19: fatal error: vfork.h: No such file or directory
compilation terminated.
configure:4763: $? = 1
configure: failed program was:
| /* confdefs.h */
| #define PACKAGE_NAME "shotgun"
| #define PACKAGE_TARNAME "shotgun"
| #define PACKAGE_VERSION "1.0.0"
| #define PACKAGE_STRING "shotgun 1.0.0"
| #define PACKAGE_BUGREPORT "songyancui@gmail.com"
| #define PACKAGE_URL ""
| #define PACKAGE "shotgun"
| #define VERSION "1.0.0"
| #define STDC_HEADERS 1
| #define HAVE_SYS_TYPES_H 1
| #define HAVE_SYS_STAT_H 1
| #define HAVE_STDLIB_H 1
| #define HAVE_STRING_H 1
| #define HAVE_MEMORY_H 1
| #define HAVE_STRINGS_H 1
| #define HAVE_INTTYPES_H 1
| #define HAVE_STDINT_H 1
| #define HAVE_UNISTD_H 1
| #define HAVE_LIBRT 1
| #define HAVE_LIBPTHREAD 1
| #define STDC_HEADERS 1
| #define HAVE_FCNTL_H 1
| #define HAVE_LIMITS_H 1
| #define HAVE_STDLIB_H 1
| #define HAVE_STRING_H 1
| #define HAVE_SYS_TIME_H 1
| #define HAVE_UNISTD_H 1
| #define HAVE_FCNTL_H 1
| #define HAVE_LIMITS_H 1
| #define HAVE_STRINGS_H 1
| #define HAVE_SYSLOG_H 1
| #define HAVE_UNISTD_H 1
| #define HAVE_SYS_CDEFS_H 1
| #define HAVE_SYS_PARAM_H 1
| #define HAVE_STDARG_H 1
| #define JSON_C_HAVE_INTTYPES_H 1
| #define HAVE__BOOL 1
| #define HAVE_STDBOOL_H 1
| #define TIME_WITH_SYS_TIME 1
| /* end confdefs.h.  */
| #include <vfork.h>
configure:4763: result: no
configure:4763: checking for vfork.h
configure:4763: result: no
configure:4776: checking for fork
configure:4776: gcc -o conftest    conftest.c -L /usr/local/lib -levent -lpthread -lrt  >&5
conftest.c:65:6: warning: conflicting types for built-in function 'fork' [enabled by default]
configure:4776: $? = 0
configure:4776: result: yes
configure:4776: checking for vfork
configure:4776: gcc -o conftest    conftest.c -L /usr/local/lib -levent -lpthread -lrt  >&5
configure:4776: $? = 0
configure:4776: result: yes
configure:4786: checking for working fork
configure:4808: gcc -o conftest    conftest.c -L /usr/local/lib -levent -lpthread -lrt  >&5
configure:4808: $? = 0
configure:4808: ./conftest
configure:4808: $? = 0
configure:4818: result: yes
configure:4839: checking for working vfork
configure:4949: result: yes
configure:4974: checking return type of signal handlers
configure:4992: gcc -c   conftest.c >&5
conftest.c: In function 'main':
conftest.c:52:1: error: void value not ignored as it ought to be
configure:4992: $? = 1
configure: failed program was:
| /* confdefs.h */
| #define PACKAGE_NAME "shotgun"
| #define PACKAGE_TARNAME "shotgun"
| #define PACKAGE_VERSION "1.0.0"
| #define PACKAGE_STRING "shotgun 1.0.0"
| #define PACKAGE_BUGREPORT "songyancui@gmail.com"
| #define PACKAGE_URL ""
| #define PACKAGE "shotgun"
| #define VERSION "1.0.0"
| #define STDC_HEADERS 1
| #define HAVE_SYS_TYPES_H 1
| #define HAVE_SYS_STAT_H 1
| #define HAVE_STDLIB_H 1
| #define HAVE_STRING_H 1
| #define HAVE_MEMORY_H 1
| #define HAVE_STRINGS_H 1
| #define HAVE_INTTYPES_H 1
| #define HAVE_STDINT_H 1
| #define HAVE_UNISTD_H 1
| #define HAVE_LIBRT 1
| #define HAVE_LIBPTHREAD 1
| #define STDC_HEADERS 1
| #define HAVE_FCNTL_H 1
| #define HAVE_LIMITS_H 1
| #define HAVE_STDLIB_H 1
| #define HAVE_STRING_H 1
| #define HAVE_SYS_TIME_H 1
| #define HAVE_UNISTD_H 1
| #define HAVE_FCNTL_H 1
| #define HAVE_LIMITS_H 1
| #define HAVE_STRINGS_H 1
| #define HAVE_SYSLOG_H 1
| #define HAVE_UNISTD_H 1
| #define HAVE_SYS_CDEFS_H 1
| #define HAVE_SYS_PARAM_H 1
| #define HAVE_STDARG_H 1
| #define JSON_C_HAVE_INTTYPES_H 1
| #define HAVE__BOOL 1
| #define HAVE_STDBOOL_H 1
| #define TIME_WITH_SYS_TIME 1
| #define HAVE_FORK 1
| #define HAVE_VFORK 1
| #define HAVE_WORKING_VFORK 1
| #define HAVE_WORKING_FORK 1
| /* end confdefs.h.  */
| #include <sys/types.h>
| #include <signal.h>
| 
| int
| main ()
| {
| return *(signal (0, 0)) (0) == 1;
|   ;
|   return 0;
| }
configure:4999: result: void
configure:5009: checking for socket
configure:5009: gcc -o conftest    conftest.c -L /usr/local/lib -levent -lpthread -lrt  >&5
configure:5009: $? = 0
configure:5009: result: yes
configure:5022: checking for strcasecmp
configure:5022: gcc -o conftest    conftest.c -L /usr/local/lib -levent -lpthread -lrt  >&5
conftest.c:71:6: warning: conflicting types for built-in function 'strcasecmp' [enabled by default]
configure:5022: $? = 0
configure:5022: result: yes
configure:5022: checking for strdup
configure:5022: gcc -o conftest    conftest.c -L /usr/local/lib -levent -lpthread -lrt  >&5
conftest.c:72:6: warning: conflicting types for built-in function 'strdup' [enabled by default]
configure:5022: $? = 0
configure:5022: result: yes
configure:5022: checking for strndup
configure:5022: gcc -o conftest    conftest.c -L /usr/local/lib -levent -lpthread -lrt  >&5
conftest.c:73:6: warning: conflicting types for built-in function 'strndup' [enabled by default]
configure:5022: $? = 0
configure:5022: result: yes
configure:5022: checking for strerror
configure:5022: gcc -o conftest    conftest.c -L /usr/local/lib -levent -lpthread -lrt  >&5
configure:5022: $? = 0
configure:5022: result: yes
configure:5022: checking for snprintf
configure:5022: gcc -o conftest    conftest.c -L /usr/local/lib -levent -lpthread -lrt  >&5
conftest.c:75:6: warning: conflicting types for built-in function 'snprintf' [enabled by default]
configure:5022: $? = 0
configure:5022: result: yes
configure:5022: checking for vsnprintf
configure:5022: gcc -o conftest    conftest.c -L /usr/local/lib -levent -lpthread -lrt  >&5
conftest.c:76:6: warning: conflicting types for built-in function 'vsnprintf' [enabled by default]
configure:5022: $? = 0
configure:5022: result: yes
configure:5022: checking for vasprintf
configure:5022: gcc -o conftest    conftest.c -L /usr/local/lib -levent -lpthread -lrt  >&5
configure:5022: $? = 0
configure:5022: result: yes
configure:5022: checking for open
configure:5022: gcc -o conftest    conftest.c -L /usr/local/lib -levent -lpthread -lrt  >&5
configure:5022: $? = 0
configure:5022: result: yes
configure:5022: checking for strncasecmp
configure:5022: gcc -o conftest    conftest.c -L /usr/local/lib -levent -lpthread -lrt  >&5
conftest.c:79:6: warning: conflicting types for built-in function 'strncasecmp' [enabled by default]
configure:5022: $? = 0
configure:5022: result: yes
configure:5168: creating ./config.status

## ---------------------- ##
## Running config.status. ##
## ---------------------- ##

This file was extended by shotgun config.status 1.0.0, which was
generated by GNU Autoconf 2.68.  Invocation command line was

  CONFIG_FILES    = 
  CONFIG_HEADERS  = 
  CONFIG_LINKS    = 
  CONFIG_COMMANDS = 
  $ ./config.status 

on ubuntu

config.status:899: creating Makefile
config.status:899: creating src/Makefile
config.status:899: creating config.h
config.status:1080: config.h is unchanged
config.status:1128: executing depfiles commands

## ---------------- ##
## Cache variables. ##
## ---------------- ##

ac_cv_c_compiler_gnu=yes
ac_cv_c_const=yes
ac_cv_env_CC_set=
ac_cv_env_CC_value=
ac_cv_env_CFLAGS_set=
ac_cv_env_CFLAGS_value=
ac_cv_env_CPPFLAGS_set=
ac_cv_env_CPPFLAGS_value=
ac_cv_env_CPP_set=
ac_cv_env_CPP_value=
ac_cv_env_LDFLAGS_set=
ac_cv_env_LDFLAGS_value=
ac_cv_env_LIBS_set=
ac_cv_env_LIBS_value=
ac_cv_env_build_alias_set=
ac_cv_env_build_alias_value=
ac_cv_env_host_alias_set=
ac_cv_env_host_alias_value=
ac_cv_env_target_alias_set=
ac_cv_env_target_alias_value=
ac_cv_func_fork=yes
ac_cv_func_fork_works=yes
ac_cv_func_open=yes
ac_cv_func_snprintf=yes
ac_cv_func_socket=yes
ac_cv_func_strcasecmp=yes
ac_cv_func_strdup=yes
ac_cv_func_strerror=yes
ac_cv_func_strncasecmp=yes
ac_cv_func_strndup=yes
ac_cv_func_vasprintf=yes
ac_cv_func_vfork=yes
ac_cv_func_vfork_works=yes
ac_cv_func_vsnprintf=yes
ac_cv_header_event2_buffer_h=yes
ac_cv_header_event2_event_h=yes
ac_cv_header_event2_http_h=yes
ac_cv_header_fcntl_h=yes
ac_cv_header_inttypes_h=yes
ac_cv_header_limits_h=yes
ac_cv_header_memory_h=yes
ac_cv_header_stdarg_h=yes
ac_cv_header_stdbool_h=yes
ac_cv_header_stdc=yes
ac_cv_header_stdint_h=yes
ac_cv_header_stdlib_h=yes
ac_cv_header_string_h=yes
ac_cv_header_strings_h=yes
ac_cv_header_sys_cdefs_h=yes
ac_cv_header_sys_param_h=yes
ac_cv_header_sys_stat_h=yes
ac_cv_header_sys_time_h=yes
ac_cv_header_sys_types_h=yes
ac_cv_header_syslog_h=yes
ac_cv_header_time=yes
ac_cv_header_unistd_h=yes
ac_cv_header_vfork_h=no
ac_cv_lib_event_event_base_new=yes
ac_cv_lib_pthread_pthread_create______________=yes
ac_cv_lib_rt_clock_gettime=yes
ac_cv_lib_socket_bind=no
ac_cv_objext=o
ac_cv_path_EGREP='/bin/grep -E'
ac_cv_path_GREP=/bin/grep
ac_cv_path_install='/usr/bin/install -c'
ac_cv_path_mkdir=/bin/mkdir
ac_cv_prog_AWK=mawk
ac_cv_prog_CPP='gcc -E'
ac_cv_prog_ac_ct_CC=gcc
ac_cv_prog_cc_c89=
ac_cv_prog_cc_g=yes
ac_cv_prog_make_make_set=yes
ac_cv_struct_tm=time.h
ac_cv_type__Bool=yes
ac_cv_type_pid_t=yes
ac_cv_type_signal=void
ac_cv_type_size_t=yes
am_cv_CC_dependencies_compiler_type=gcc3

## ----------------- ##
## Output variables. ##
## ----------------- ##

ACLOCAL='${SHELL} /home/csy/dev/shotgun/missing --run aclocal-1.11'
AMDEPBACKSLASH='\'
AMDEP_FALSE='#'
AMDEP_TRUE=''
AMTAR='$${TAR-tar}'
AUTOCONF='${SHELL} /home/csy/dev/shotgun/missing --run autoconf'
AUTOHEADER='${SHELL} /home/csy/dev/shotgun/missing --run autoheader'
AUTOMAKE='${SHELL} /home/csy/dev/shotgun/missing --run automake-1.11'
AWK='mawk'
CC='gcc'
CCDEPMODE='depmode=gcc3'
CFLAGS=''
CPP='gcc -E'
CPPFLAGS=''
CYGPATH_W='echo'
DEBUG_FALSE='#'
DEBUG_TRUE=''
DEFS='-DHAVE_CONFIG_H'
DEPDIR='.deps'
ECHO_C=''
ECHO_N='-n'
ECHO_T=''
EGREP='/bin/grep -E'
EXEEXT=''
GREP='/bin/grep'
INSTALL_DATA='${INSTALL} -m 644'
INSTALL_PROGRAM='${INSTALL}'
INSTALL_SCRIPT='${INSTALL}'
INSTALL_STRIP_PROGRAM='$(install_sh) -c -s'
LDFLAGS=''
LIBOBJS=''
LIBS='-L /usr/local/lib -levent -lpthread -lrt '
LTLIBOBJS=''
MAKEINFO='${SHELL} /home/csy/dev/shotgun/missing --run makeinfo'
MKDIR_P='/bin/mkdir -p'
OBJEXT='o'
PACKAGE='shotgun'
PACKAGE_BUGREPORT='songyancui@gmail.com'
PACKAGE_NAME='shotgun'
PACKAGE_STRING='shotgun 1.0.0'
PACKAGE_TARNAME='shotgun'
PACKAGE_URL=''
PACKAGE_VERSION='1.0.0'
PATH_SEPARATOR=':'
SET_MAKE=''
SHELL='/bin/bash'
STRIP=''
VERSION='1.0.0'
ac_ct_CC='gcc'
am__EXEEXT_FALSE=''
am__EXEEXT_TRUE='#'
am__fastdepCC_FALSE='#'
am__fastdepCC_TRUE=''
am__include='include'
am__isrc=''
am__leading_dot='.'
am__nodep='_no'
am__quote=''
am__tar='$${TAR-tar} chof - "$$tardir"'
am__untar='$${TAR-tar} xf -'
bindir='${exec_prefix}/bin'
build_alias=''
datadir='${datarootdir}'
datarootdir='${prefix}/share'
docdir='${datarootdir}/doc/${PACKAGE_TARNAME}'
dvidir='${docdir}'
exec_prefix='${prefix}'
host_alias=''
htmldir='${docdir}'
includedir='${prefix}/include'
infodir='${datarootdir}/info'
install_sh='${SHELL} /home/csy/dev/shotgun/install-sh'
libdir='${exec_prefix}/lib'
libexecdir='${exec_prefix}/libexec'
localedir='${datarootdir}/locale'
localstatedir='${prefix}/var'
mandir='${datarootdir}/man'
mkdir_p='/bin/mkdir -p'
oldincludedir='/usr/include'
pdfdir='${docdir}'
prefix='/home/csy/dev/shotgun'
program_transform_name='s,x,x,'
psdir='${docdir}'
sbindir='${exec_prefix}/sbin'
sharedstatedir='${prefix}/com'
sysconfdir='${prefix}/etc'
target_alias=''

## ----------- ##
## confdefs.h. ##
## ----------- ##

/* confdefs.h */
#define PACKAGE_NAME "shotgun"
#define PACKAGE_TARNAME "shotgun"
#define PACKAGE_VERSION "1.0.0"
#define PACKAGE_STRING "shotgun 1.0.0"
#define PACKAGE_BUGREPORT "songyancui@gmail.com"
#define PACKAGE_URL ""
#define PACKAGE "shotgun"
#define VERSION "1.0.0"
#define STDC_HEADERS 1
#define HAVE_SYS_TYPES_H 1
#define HAVE_SYS_STAT_H 1
#define HAVE_STDLIB_H 1
#define HAVE_STRING_H 1
#define HAVE_MEMORY_H 1
#define HAVE_STRINGS_H 1
#define HAVE_INTTYPES_H 1
#define HAVE_STDINT_H 1
#define HAVE_UNISTD_H 1
#define HAVE_LIBRT 1
#define HAVE_LIBPTHREAD 1
#define STDC_HEADERS 1
#define HAVE_FCNTL_H 1
#define HAVE_LIMITS_H 1
#define HAVE_STDLIB_H 1
#define HAVE_STRING_H 1
#define HAVE_SYS_TIME_H 1
#define HAVE_UNISTD_H 1
#define HAVE_FCNTL_H 1
#define HAVE_LIMITS_H 1
#define HAVE_STRINGS_H 1
#define HAVE_SYSLOG_H 1
#define HAVE_UNISTD_H 1
#define HAVE_SYS_CDEFS_H 1
#define HAVE_SYS_PARAM_H 1
#define HAVE_STDARG_H 1
#define JSON_C_HAVE_INTTYPES_H 1
#define HAVE__BOOL 1
#define HAVE_STDBOOL_H 1
#define TIME_WITH_SYS_TIME 1
#define HAVE_FORK 1
#define HAVE_VFORK 1
#define HAVE_WORKING_VFORK 1
#define HAVE_WORKING_FORK 1
#define RETSIGTYPE void
#define HAVE_SOCKET 1
#define HAVE_STRCASECMP 1
#define HAVE_STRDUP 1
#define HAVE_STRNDUP 1
#define HAVE_STRERROR 1
#define HAVE_SNPRINTF 1
#define HAVE_VSNPRINTF 1
#define HAVE_VASPRINTF 1
#define HAVE_OPEN 1
#define HAVE_STRNCASECMP 1

configure: exit 0

## ---------------------- ##
## Running config.status. ##
## ---------------------- ##

This file was extended by shotgun config.status 1.0.0, which was
generated by GNU Autoconf 2.68.  Invocation command line was

  CONFIG_FILES    = 
  CONFIG_HEADERS  = 
  CONFIG_LINKS    = 
  CONFIG_COMMANDS = 
  $ ./config.status src/Makefile depfiles

on ubuntu

config.status:899: creating src/Makefile
config.status:1128: executing depfiles commands

## ---------------------- ##
## Running config.status. ##
## ---------------------- ##

This file was extended by shotgun config.status 1.0.0, which was
generated by GNU Autoconf 2.68.  Invocation command line was

  CONFIG_FILES    = 
  CONFIG_HEADERS  = 
  CONFIG_LINKS    = 
  CONFIG_COMMANDS = 
  $ ./config.status src/Makefile depfiles

on ubuntu

config.status:899: creating src/Makefile
config.status:1128: executing depfiles commands

## ---------------------- ##
## Running config.status. ##
## ---------------------- ##

This file was extended by shotgun config.status 1.0.0, which was
generated by GNU Autoconf 2.68.  Invocation command line was

  CONFIG_FILES    = 
  CONFIG_HEADERS  = 
  CONFIG_LINKS    = 
  CONFIG_COMMANDS = 
  $ ./config.status src/Makefile depfiles

on ubuntu

config.status:899: creating src/Makefile
config.status:1128: executing depfiles commands

## ---------------------- ##
## Running config.status. ##
## ---------------------- ##

This file was extended by shotgun config.status 1.0.0, which was
generated by GNU Autoconf 2.68.  Invocation command line was

  CONFIG_FILES    = 
  CONFIG_HEADERS  = 
  CONFIG_LINKS    = 
  CONFIG_COMMANDS = 
  $ ./config.status src/Makefile depfiles

on ubuntu

config.status:899: creating src/Makefile
config.status:1128: executing depfiles commands

## ---------------------- ##
## Running config.status. ##
## ---------------------- ##

This file was extended by shotgun config.status 1.0.0, which was
generated by GNU Autoconf 2.68.  Invocation command line was

  CONFIG_FILES    = 
  CONFIG_HEADERS  = 
  CONFIG_LINKS    = 
  CONFIG_COMMANDS = 
  $ ./config.status src/Makefile depfiles

on ubuntu

config.status:899: creating src/Makefile
config.status:1128: executing depfiles commands

## ---------------------- ##
## Running config.status. ##
## ---------------------- ##

This file was extended by shotgun config.status 1.0.0, which was
generated by GNU Autoconf 2.68.  Invocation command line was

  CONFIG_FILES    = 
  CONFIG_HEADERS  = 
  CONFIG_LINKS    = 
  CONFIG_COMMANDS = 
  $ ./config.status src/Makefile depfiles

on ubuntu

config.status:899: creating src/Makefile
config.status:1128: executing depfiles commands
